<?xml version="1.0" encoding="UTF-8"?>
<testsuite name="TestCount" tests="1" skipped="0" failures="0" errors="0" timestamp="2020-09-09T02:08:32" hostname="7a0c599358f8" time="0.027">
  <properties/>
  <testcase name="testCount" classname="TestCount" time="0.027"/>
  <system-out><![CDATA[]]></system-out>
  <system-err><![CDATA[]]></system-err>
</testsuite>
